2018-06-04 01:24:50,186 DEBUG [main] c.m.f.d.JDBCUtils [JDBCUtils.java:32] Creating Tables.
2018-06-04 01:24:50,298 DEBUG [main] c.m.f.d.JDBCUtils [JDBCUtils.java:49] Deleting All Records.
2018-06-04 01:24:50,323 DEBUG [main] c.m.f.d.JDBCUtils [JDBCUtils.java:70] Inserting initial records.
2018-06-04 01:24:50,973 DEBUG [main] c.m.f.d.JDBCUtils [JDBCUtils.java:186] Get person Evan details from DB
2018-06-04 01:24:50,981 DEBUG [main] c.m.f.d.JDBCUtils [JDBCUtils.java:186] Get person Diana details from DB
2018-06-04 01:24:50,981 INFO [main] c.m.f.g.RelationCreator [RelationCreator.java:65] Adding Evan Spouse as Diana
2018-06-04 01:24:50,981 DEBUG [main] c.m.f.d.JDBCUtils [JDBCUtils.java:186] Get person Diana details from DB
2018-06-04 01:24:50,983 DEBUG [main] c.m.f.d.JDBCUtils [JDBCUtils.java:186] Get person John details from DB
2018-06-04 01:24:50,983 INFO [main] c.m.f.g.RelationCreator [RelationCreator.java:65] Adding Diana Child as John
2018-06-04 01:24:50,983 INFO [main] c.m.f.g.RelationProvider [RelationProvider.java:135] Getting spouse of Diana
2018-06-04 01:24:50,988 DEBUG [main] c.m.f.d.JDBCUtils [JDBCUtils.java:186] Get person Diana details from DB
2018-06-04 01:24:50,991 DEBUG [main] c.m.f.d.JDBCUtils [JDBCUtils.java:186] Get person Alex details from DB
2018-06-04 01:24:50,991 INFO [main] c.m.f.g.RelationCreator [RelationCreator.java:65] Adding Diana Child as Alex
2018-06-04 01:24:50,993 INFO [main] c.m.f.g.RelationProvider [RelationProvider.java:135] Getting spouse of Diana
2018-06-04 01:24:50,993 DEBUG [main] c.m.f.d.JDBCUtils [JDBCUtils.java:186] Get person Diana details from DB
2018-06-04 01:24:50,996 DEBUG [main] c.m.f.d.JDBCUtils [JDBCUtils.java:186] Get person Joe details from DB
2018-06-04 01:24:50,996 INFO [main] c.m.f.g.RelationCreator [RelationCreator.java:65] Adding Diana Child as Joe
2018-06-04 01:24:50,996 INFO [main] c.m.f.g.RelationProvider [RelationProvider.java:135] Getting spouse of Diana
2018-06-04 01:24:50,996 DEBUG [main] c.m.f.d.JDBCUtils [JDBCUtils.java:186] Get person Diana details from DB
2018-06-04 01:24:50,998 DEBUG [main] c.m.f.d.JDBCUtils [JDBCUtils.java:186] Get person Nisha details from DB
2018-06-04 01:24:50,998 INFO [main] c.m.f.g.RelationCreator [RelationCreator.java:65] Adding Diana Child as Nisha
2018-06-04 01:24:50,998 INFO [main] c.m.f.g.RelationProvider [RelationProvider.java:135] Getting spouse of Diana
2018-06-04 01:24:50,998 DEBUG [main] c.m.f.d.JDBCUtils [JDBCUtils.java:186] Get person Alex details from DB
2018-06-04 01:24:51,001 DEBUG [main] c.m.f.d.JDBCUtils [JDBCUtils.java:186] Get person Nancy details from DB
2018-06-04 01:24:51,001 INFO [main] c.m.f.g.RelationCreator [RelationCreator.java:65] Adding Alex Spouse as Nancy
2018-06-04 01:24:51,001 DEBUG [main] c.m.f.d.JDBCUtils [JDBCUtils.java:186] Get person Nancy details from DB
2018-06-04 01:24:51,003 DEBUG [main] c.m.f.d.JDBCUtils [JDBCUtils.java:186] Get person Jacob details from DB
2018-06-04 01:24:51,003 INFO [main] c.m.f.g.RelationCreator [RelationCreator.java:65] Adding Nancy Child as Jacob
2018-06-04 01:24:51,006 INFO [main] c.m.f.g.RelationProvider [RelationProvider.java:135] Getting spouse of Nancy
2018-06-04 01:24:51,006 DEBUG [main] c.m.f.d.JDBCUtils [JDBCUtils.java:186] Get person Nancy details from DB
2018-06-04 01:24:51,006 DEBUG [main] c.m.f.d.JDBCUtils [JDBCUtils.java:186] Get person Shaun details from DB
2018-06-04 01:24:51,008 INFO [main] c.m.f.g.RelationCreator [RelationCreator.java:65] Adding Nancy Child as Shaun
2018-06-04 01:24:51,008 INFO [main] c.m.f.g.RelationProvider [RelationProvider.java:135] Getting spouse of Nancy
2018-06-04 01:24:51,008 DEBUG [main] c.m.f.d.JDBCUtils [JDBCUtils.java:186] Get person Jacob details from DB
2018-06-04 01:24:51,008 DEBUG [main] c.m.f.d.JDBCUtils [JDBCUtils.java:186] Get person Rufi details from DB
2018-06-04 01:24:51,011 INFO [main] c.m.f.g.RelationCreator [RelationCreator.java:65] Adding Jacob Spouse as Rufi
2018-06-04 01:24:51,011 DEBUG [main] c.m.f.d.JDBCUtils [JDBCUtils.java:186] Get person Rufi details from DB
2018-06-04 01:24:51,013 DEBUG [main] c.m.f.d.JDBCUtils [JDBCUtils.java:186] Get person Bern details from DB
2018-06-04 01:24:51,013 INFO [main] c.m.f.g.RelationCreator [RelationCreator.java:65] Adding Rufi Child as Bern
2018-06-04 01:24:51,013 INFO [main] c.m.f.g.RelationProvider [RelationProvider.java:135] Getting spouse of Rufi
2018-06-04 01:24:51,013 DEBUG [main] c.m.f.d.JDBCUtils [JDBCUtils.java:186] Get person Rufi details from DB
2018-06-04 01:24:51,016 DEBUG [main] c.m.f.d.JDBCUtils [JDBCUtils.java:186] Get person Sophia details from DB
2018-06-04 01:24:51,018 INFO [main] c.m.f.g.RelationCreator [RelationCreator.java:65] Adding Rufi Child as Sophia
2018-06-04 01:24:51,018 INFO [main] c.m.f.g.RelationProvider [RelationProvider.java:135] Getting spouse of Rufi
2018-06-04 01:24:51,018 DEBUG [main] c.m.f.d.JDBCUtils [JDBCUtils.java:186] Get person George details from DB
2018-06-04 01:24:51,021 DEBUG [main] c.m.f.d.JDBCUtils [JDBCUtils.java:186] Get person Sophia details from DB
2018-06-04 01:24:51,021 INFO [main] c.m.f.g.RelationCreator [RelationCreator.java:65] Adding George Spouse as Sophia
2018-06-04 01:24:51,021 DEBUG [main] c.m.f.d.JDBCUtils [JDBCUtils.java:186] Get person Joe details from DB
2018-06-04 01:24:51,023 DEBUG [main] c.m.f.d.JDBCUtils [JDBCUtils.java:186] Get person Niki details from DB
2018-06-04 01:24:51,026 INFO [main] c.m.f.g.RelationCreator [RelationCreator.java:65] Adding Joe Spouse as Niki
2018-06-04 01:24:51,026 DEBUG [main] c.m.f.d.JDBCUtils [JDBCUtils.java:186] Get person Niki details from DB
2018-06-04 01:24:51,026 DEBUG [main] c.m.f.d.JDBCUtils [JDBCUtils.java:186] Get person Piers details from DB
2018-06-04 01:24:51,028 INFO [main] c.m.f.g.RelationCreator [RelationCreator.java:65] Adding Niki Child as Piers
2018-06-04 01:24:51,028 INFO [main] c.m.f.g.RelationProvider [RelationProvider.java:135] Getting spouse of Niki
2018-06-04 01:24:51,028 DEBUG [main] c.m.f.d.JDBCUtils [JDBCUtils.java:186] Get person Niki details from DB
2018-06-04 01:24:51,028 DEBUG [main] c.m.f.d.JDBCUtils [JDBCUtils.java:186] Get person Sally details from DB
2018-06-04 01:24:51,031 INFO [main] c.m.f.g.RelationCreator [RelationCreator.java:65] Adding Niki Child as Sally
2018-06-04 01:24:51,031 INFO [main] c.m.f.g.RelationProvider [RelationProvider.java:135] Getting spouse of Niki
2018-06-04 01:24:51,031 DEBUG [main] c.m.f.d.JDBCUtils [JDBCUtils.java:186] Get person Pippa details from DB
2018-06-04 01:24:51,033 DEBUG [main] c.m.f.d.JDBCUtils [JDBCUtils.java:186] Get person Piers details from DB
2018-06-04 01:24:51,035 INFO [main] c.m.f.g.RelationCreator [RelationCreator.java:65] Adding Pippa Spouse as Piers
2018-06-04 01:24:51,035 DEBUG [main] c.m.f.d.JDBCUtils [JDBCUtils.java:186] Get person Owen details from DB
2018-06-04 01:24:51,036 DEBUG [main] c.m.f.d.JDBCUtils [JDBCUtils.java:186] Get person Sally details from DB
2018-06-04 01:24:51,038 INFO [main] c.m.f.g.RelationCreator [RelationCreator.java:65] Adding Owen Spouse as Sally
2018-06-04 01:24:51,038 DEBUG [main] c.m.f.d.JDBCUtils [JDBCUtils.java:186] Get person Pippa details from DB
2018-06-04 01:24:51,039 DEBUG [main] c.m.f.d.JDBCUtils [JDBCUtils.java:186] Get person Sarah details from DB
2018-06-04 01:24:51,049 INFO [main] c.m.f.g.RelationCreator [RelationCreator.java:65] Adding Pippa Child as Sarah
2018-06-04 01:24:51,049 INFO [main] c.m.f.g.RelationProvider [RelationProvider.java:135] Getting spouse of Pippa
2018-06-04 01:24:51,049 DEBUG [main] c.m.f.d.JDBCUtils [JDBCUtils.java:186] Get person Peter details from DB
2018-06-04 01:24:51,051 DEBUG [main] c.m.f.d.JDBCUtils [JDBCUtils.java:186] Get person Sally details from DB
2018-06-04 01:24:51,052 INFO [main] c.m.f.g.RelationCreator [RelationCreator.java:65] Adding Peter Spouse as Sally
2018-06-04 01:24:51,052 DEBUG [main] c.m.f.d.JDBCUtils [JDBCUtils.java:186] Get person Adam details from DB
2018-06-04 01:24:51,054 DEBUG [main] c.m.f.d.JDBCUtils [JDBCUtils.java:186] Get person Nisha details from DB
2018-06-04 01:24:51,056 INFO [main] c.m.f.g.RelationCreator [RelationCreator.java:65] Adding Adam Spouse as Nisha
2018-06-04 01:24:51,057 DEBUG [main] c.m.f.d.JDBCUtils [JDBCUtils.java:186] Get person Nisha details from DB
2018-06-04 01:24:51,058 DEBUG [main] c.m.f.d.JDBCUtils [JDBCUtils.java:186] Get person Ruth details from DB
2018-06-04 01:24:51,060 INFO [main] c.m.f.g.RelationCreator [RelationCreator.java:65] Adding Nisha Child as Ruth
2018-06-04 01:24:51,060 INFO [main] c.m.f.g.RelationProvider [RelationProvider.java:135] Getting spouse of Nisha
2018-06-04 01:24:51,060 DEBUG [main] c.m.f.d.JDBCUtils [JDBCUtils.java:186] Get person Nisha details from DB
2018-06-04 01:24:51,062 DEBUG [main] c.m.f.d.JDBCUtils [JDBCUtils.java:186] Get person William details from DB
2018-06-04 01:24:51,063 INFO [main] c.m.f.g.RelationCreator [RelationCreator.java:65] Adding Nisha Child as William
2018-06-04 01:24:51,063 INFO [main] c.m.f.g.RelationProvider [RelationProvider.java:135] Getting spouse of Nisha
2018-06-04 01:24:51,063 DEBUG [main] c.m.f.d.JDBCUtils [JDBCUtils.java:186] Get person Nisha details from DB
2018-06-04 01:24:51,065 DEBUG [main] c.m.f.d.JDBCUtils [JDBCUtils.java:186] Get person Paul details from DB
2018-06-04 01:24:51,065 INFO [main] c.m.f.g.RelationCreator [RelationCreator.java:65] Adding Nisha Child as Paul
2018-06-04 01:24:51,065 INFO [main] c.m.f.g.RelationProvider [RelationProvider.java:135] Getting spouse of Nisha
2018-06-04 01:24:51,065 DEBUG [main] c.m.f.d.JDBCUtils [JDBCUtils.java:186] Get person Niel details from DB
2018-06-04 01:24:51,068 DEBUG [main] c.m.f.d.JDBCUtils [JDBCUtils.java:186] Get person Ruth details from DB
2018-06-04 01:24:51,068 INFO [main] c.m.f.g.RelationCreator [RelationCreator.java:65] Adding Niel Spouse as Ruth
2018-06-04 01:24:51,068 DEBUG [main] c.m.f.d.JDBCUtils [JDBCUtils.java:186] Get person William details from DB
2018-06-04 01:24:51,070 DEBUG [main] c.m.f.d.JDBCUtils [JDBCUtils.java:186] Get person Rose details from DB
2018-06-04 01:24:51,070 INFO [main] c.m.f.g.RelationCreator [RelationCreator.java:65] Adding William Spouse as Rose
2018-06-04 01:24:51,070 DEBUG [main] c.m.f.d.JDBCUtils [JDBCUtils.java:186] Get person Rose details from DB
2018-06-04 01:24:51,073 DEBUG [main] c.m.f.d.JDBCUtils [JDBCUtils.java:186] Get person Steve details from DB
2018-06-04 01:24:51,075 INFO [main] c.m.f.g.RelationCreator [RelationCreator.java:65] Adding Rose Child as Steve
2018-06-04 01:24:51,075 INFO [main] c.m.f.g.RelationProvider [RelationProvider.java:135] Getting spouse of Rose
2018-06-04 01:24:51,075 DEBUG [main] c.m.f.d.JDBCUtils [JDBCUtils.java:186] Get person Paul details from DB
2018-06-04 01:24:51,075 DEBUG [main] c.m.f.d.JDBCUtils [JDBCUtils.java:186] Get person Zoe details from DB
2018-06-04 01:24:51,078 INFO [main] c.m.f.g.RelationCreator [RelationCreator.java:65] Adding Paul Spouse as Zoe
2018-06-04 01:24:51,078 DEBUG [main] c.m.f.d.JDBCUtils [JDBCUtils.java:186] Get person Zoe details from DB
2018-06-04 01:24:51,080 DEBUG [main] c.m.f.d.JDBCUtils [JDBCUtils.java:186] Get person Roger details from DB
2018-06-04 01:24:51,080 INFO [main] c.m.f.g.RelationCreator [RelationCreator.java:65] Adding Zoe Child as Roger
2018-06-04 01:24:51,080 INFO [main] c.m.f.g.RelationProvider [RelationProvider.java:135] Getting spouse of Zoe
2018-06-04 01:24:51,080 INFO [main] c.m.f.g.RelationProvider [RelationProvider.java:171] Getting brothers of Alex
2018-06-04 01:24:51,080 INFO [main] c.m.f.g.RelationProvider [RelationProvider.java:56] Getting father of Alex
2018-06-04 01:24:51,100 INFO [main] c.m.f.g.RelationProvider [RelationProvider.java:86] Getting sons of Evan
